<?xml version="1.0" encoding="UTF-8"?>
<!-- Generated by org.testng.reporters.JUnitXMLReporter -->
<testsuite ignored="0" hostname="Aspire7" failures="0" tests="2" name="LowPriorityTest" time="21.654" errors="0" timestamp="2022-12-28T06:17:34 IST">
  <testcase classname="package1.Test_Verify_System_User_Functionality" name="verifySystemUserFunctionality" time="4.784"/>
  <testcase classname="package1.Test_Verify_Leave_Functionality" name="verifyLeaveFunctionality" time="9.518"/>
</testsuite> <!-- LowPriorityTest -->
