<?xml version="1.0" encoding="UTF-8"?>
<!-- Generated by org.testng.reporters.JUnitXMLReporter -->
<testsuite ignored="0" hostname="Aspire7" failures="0" tests="2" name="HighPriorityTest" time="20.3" errors="0" timestamp="2022-12-28T06:14:45 IST">
  <testcase classname="package1.Test_Verify_Login_Functionality" name="verifyLoginFunctionality" time="3.318"/>
  <testcase classname="package1.Test_Verify_Moving_To_Admin" name="verifyMovingToAdmin" time="6.438"/>
</testsuite> <!-- HighPriorityTest -->
