<?xml version="1.0" encoding="UTF-8"?>
<!-- Generated by org.testng.reporters.JUnitXMLReporter -->
<testsuite ignored="0" hostname="Aspire7" failures="0" tests="2" name="LowPriorityTest" time="41.893" errors="0" timestamp="2022-12-28T06:15:27 IST">
  <testcase classname="package1.Test_Verify_Leave_Functionality" name="verifyLeaveFunctionality" time="9.494"/>
  <testcase classname="package1.Test_Verify_System_User_Functionality" name="verifySystemUserFunctionality" time="4.289"/>
</testsuite> <!-- LowPriorityTest -->
