<?xml version="1.0" encoding="UTF-8"?>
<!-- Generated by org.testng.reporters.JUnitXMLReporter -->
<testsuite ignored="0" hostname="Aspire7" failures="0" tests="3" name="Test" time="21.827" errors="0" timestamp="2022-12-28T06:10:12 IST">
  <testcase classname="package1.Test_Verify_Login_Functionality" name="verifyLoginFunctionality" time="3.544"/>
  <testcase classname="package1.Test_Verify_System_User_Functionality" name="verifySystemUserFunctionality" time="4.537"/>
  <testcase classname="package1.Test_Verify_Moving_To_Admin" name="verifyMovingToAdmin" time="6.635"/>
</testsuite> <!-- Test -->
