<?xml version="1.0" encoding="UTF-8"?>
<testng-results ignored="0" total="4" passed="4" failed="0" skipped="0">
  <reporter-output>
  </reporter-output>
  <suite started-at="2022-12-28T06:16:48 IST" name="RegressionSuite" finished-at="2022-12-28T06:17:34 IST" duration-ms="46454">
    <groups>
    </groups>
    <test started-at="2022-12-28T06:16:48 IST" name="HighPriorityTest" finished-at="2022-12-28T06:17:13 IST" duration-ms="24784">
      <class name="package1.Test_Verify_Login_Functionality">
        <test-method is-config="true" signature="setUp()[pri:0, instance:package1.Test_Verify_Login_Functionality@3835c46]" started-at="2022-12-28T06:16:48 IST" name="setUp" finished-at="2022-12-28T06:17:09 IST" duration-ms="21171" status="PASS">
          <reporter-output>
          </reporter-output>
        </test-method> <!-- setUp -->
        <test-method signature="verifyLoginFunctionality()[pri:0, instance:package1.Test_Verify_Login_Functionality@3835c46]" started-at="2022-12-28T06:17:09 IST" name="verifyLoginFunctionality" finished-at="2022-12-28T06:17:13 IST" duration-ms="3451" status="PASS">
          <reporter-output>
          </reporter-output>
        </test-method> <!-- verifyLoginFunctionality -->
        <test-method is-config="true" signature="tearDown()[pri:0, instance:package1.Test_Verify_Login_Functionality@3835c46]" started-at="2022-12-28T06:17:13 IST" name="tearDown" finished-at="2022-12-28T06:17:13 IST" duration-ms="125" status="PASS">
          <reporter-output>
          </reporter-output>
        </test-method> <!-- tearDown -->
      </class> <!-- package1.Test_Verify_Login_Functionality -->
      <class name="package1.Test_Verify_Moving_To_Admin">
        <test-method is-config="true" signature="setUp()[pri:0, instance:package1.Test_Verify_Moving_To_Admin@3bb9a3ff]" started-at="2022-12-28T06:16:48 IST" name="setUp" finished-at="2022-12-28T06:17:06 IST" duration-ms="17743" status="PASS">
          <reporter-output>
          </reporter-output>
        </test-method> <!-- setUp -->
        <test-method signature="verifyMovingToAdmin()[pri:0, instance:package1.Test_Verify_Moving_To_Admin@3bb9a3ff]" started-at="2022-12-28T06:17:06 IST" name="verifyMovingToAdmin" finished-at="2022-12-28T06:17:12 IST" duration-ms="6425" status="PASS">
          <reporter-output>
          </reporter-output>
        </test-method> <!-- verifyMovingToAdmin -->
        <test-method is-config="true" signature="tearDown()[pri:0, instance:package1.Test_Verify_Moving_To_Admin@3bb9a3ff]" started-at="2022-12-28T06:17:12 IST" name="tearDown" finished-at="2022-12-28T06:17:12 IST" duration-ms="203" status="PASS">
          <reporter-output>
          </reporter-output>
        </test-method> <!-- tearDown -->
      </class> <!-- package1.Test_Verify_Moving_To_Admin -->
    </test> <!-- HighPriorityTest -->
    <test started-at="2022-12-28T06:17:13 IST" name="LowPriorityTest" finished-at="2022-12-28T06:17:34 IST" duration-ms="21654">
      <class name="package1.Test_Verify_System_User_Functionality">
        <test-method is-config="true" signature="setUp()[pri:0, instance:package1.Test_Verify_System_User_Functionality@158d2680]" started-at="2022-12-28T06:17:13 IST" name="setUp" finished-at="2022-12-28T06:17:21 IST" duration-ms="8616" status="PASS">
          <reporter-output>
          </reporter-output>
        </test-method> <!-- setUp -->
        <test-method signature="verifySystemUserFunctionality()[pri:0, instance:package1.Test_Verify_System_User_Functionality@158d2680]" started-at="2022-12-28T06:17:21 IST" name="verifySystemUserFunctionality" finished-at="2022-12-28T06:17:26 IST" duration-ms="4784" status="PASS">
          <reporter-output>
          </reporter-output>
        </test-method> <!-- verifySystemUserFunctionality -->
        <test-method is-config="true" signature="tearDown()[pri:0, instance:package1.Test_Verify_System_User_Functionality@158d2680]" started-at="2022-12-28T06:17:26 IST" name="tearDown" finished-at="2022-12-28T06:17:26 IST" duration-ms="141" status="PASS">
          <reporter-output>
          </reporter-output>
        </test-method> <!-- tearDown -->
      </class> <!-- package1.Test_Verify_System_User_Functionality -->
      <class name="package1.Test_Verify_Leave_Functionality">
        <test-method is-config="true" signature="setUp()[pri:0, instance:package1.Test_Verify_Leave_Functionality@131774fe]" started-at="2022-12-28T06:17:13 IST" name="setUp" finished-at="2022-12-28T06:17:25 IST" duration-ms="11993" status="PASS">
          <reporter-output>
          </reporter-output>
        </test-method> <!-- setUp -->
        <test-method signature="verifyLeaveFunctionality()[pri:0, instance:package1.Test_Verify_Leave_Functionality@131774fe]" started-at="2022-12-28T06:17:25 IST" name="verifyLeaveFunctionality" finished-at="2022-12-28T06:17:34 IST" duration-ms="9518" status="PASS">
          <reporter-output>
          </reporter-output>
        </test-method> <!-- verifyLeaveFunctionality -->
        <test-method is-config="true" signature="tearDown()[pri:0, instance:package1.Test_Verify_Leave_Functionality@131774fe]" started-at="2022-12-28T06:17:34 IST" name="tearDown" finished-at="2022-12-28T06:17:34 IST" duration-ms="127" status="PASS">
          <reporter-output>
          </reporter-output>
        </test-method> <!-- tearDown -->
      </class> <!-- package1.Test_Verify_Leave_Functionality -->
    </test> <!-- LowPriorityTest -->
  </suite> <!-- RegressionSuite -->
</testng-results>
